\BOOKMARK [0][-]{chapter.1}{Welcome to GeogG122: Scientific Computing}{}% 1
\BOOKMARK [1][-]{section.1.1}{Course information}{chapter.1}% 2
\BOOKMARK [1][-]{section.1.2}{Purpose of this course}{chapter.1}% 3
\BOOKMARK [1][-]{section.1.3}{Learning Outcomes}{chapter.1}% 4
\BOOKMARK [1][-]{section.1.4}{Additional Outcomes}{chapter.1}% 5
\BOOKMARK [1][-]{section.1.5}{Timetable}{chapter.1}% 6
\BOOKMARK [1][-]{section.1.6}{Structure of the Course}{chapter.1}% 7
\BOOKMARK [1][-]{section.1.7}{Assessment}{chapter.1}% 8
\BOOKMARK [1][-]{section.1.8}{Useful links}{chapter.1}% 9
\BOOKMARK [1][-]{section.1.9}{Detailed Struucture of the Course}{chapter.1}% 10
\BOOKMARK [1][-]{section.1.10}{Using these notes}{chapter.1}% 11
\BOOKMARK [1][-]{section.1.11}{Other ways to access the notes}{chapter.1}% 12
\BOOKMARK [0][-]{chapter.2}{1. Introduction to Python}{}% 13
\BOOKMARK [1][-]{section.2.1}{1.1 Python}{chapter.2}% 14
\BOOKMARK [1][-]{section.2.2}{1.2 Running Python Programs}{chapter.2}% 15
\BOOKMARK [1][-]{section.2.3}{2.3 Getting Started}{chapter.2}% 16
\BOOKMARK [1][-]{section.2.4}{2.4 Groups of things}{chapter.2}% 17
\BOOKMARK [1][-]{section.2.5}{2.5 Loops and Conditional Statements: if, for, while}{chapter.2}% 18
\BOOKMARK [1][-]{section.2.6}{2.6 Strings and things}{chapter.2}% 19
\BOOKMARK [1][-]{section.2.7}{Exercise 2.3}{chapter.2}% 20
\BOOKMARK [1][-]{section.2.8}{2.7 Files}{chapter.2}% 21
\BOOKMARK [1][-]{section.2.9}{Exercise 2.4}{chapter.2}% 22
\BOOKMARK [1][-]{section.2.10}{2.8 Doing Some Science}{chapter.2}% 23
\BOOKMARK [1][-]{section.2.11}{Exercise 2.5}{chapter.2}% 24
\BOOKMARK [1][-]{section.2.12}{Exercise 2.6}{chapter.2}% 25
\BOOKMARK [1][-]{section.2.13}{2.9 Dictionaries}{chapter.2}% 26
\BOOKMARK [1][-]{section.2.14}{Exercise 2.7}{chapter.2}% 27
\BOOKMARK [1][-]{section.2.15}{2.10 Where we have reached}{chapter.2}% 28
\BOOKMARK [1][-]{section.2.16}{2.11 Answers}{chapter.2}% 29
\BOOKMARK [1][-]{section.2.17}{2.12 Advanced}{chapter.2}% 30
\BOOKMARK [0][-]{chapter.3}{3. Plotting and Numerical Python}{}% 31
\BOOKMARK [1][-]{section.3.1}{3.1 In this session}{chapter.3}% 32
\BOOKMARK [1][-]{section.3.2}{E3.1 Exercise: listing}{chapter.3}% 33
\BOOKMARK [1][-]{section.3.3}{3.2 Getting and Plotting Some Data: netCDF format}{chapter.3}% 34
\BOOKMARK [1][-]{section.3.4}{3.3 Numpy}{chapter.3}% 35
\BOOKMARK [1][-]{section.3.5}{E3.3 Exercise: 3D Masked Array}{chapter.3}% 36
\BOOKMARK [1][-]{section.3.6}{3.4 Average Albedo}{chapter.3}% 37
\BOOKMARK [1][-]{section.3.7}{3.5 Solar Radiation}{chapter.3}% 38
\BOOKMARK [1][-]{section.3.8}{E3.5 Exercise: Solar Radiation Code: A chance for you to get feedback}{chapter.3}% 39
\BOOKMARK [1][-]{section.3.9}{3.6 Saving and loading numpy data}{chapter.3}% 40
\BOOKMARK [1][-]{section.3.10}{E3.6 Exercise: awkward reading}{chapter.3}% 41
\BOOKMARK [1][-]{section.3.11}{Advanced and Answers}{chapter.3}% 42
\BOOKMARK [0][-]{chapter.4}{Chapter 4. Geospatial data}{}% 43
\BOOKMARK [1][-]{section.4.1}{4.1 MODIS LAI product}{chapter.4}% 44
\BOOKMARK [1][-]{section.4.2}{Exercise 4.1}{chapter.4}% 45
\BOOKMARK [1][-]{section.4.3}{4.2 Downloading data}{chapter.4}% 46
\BOOKMARK [1][-]{section.4.4}{Exercise 4.2 A Different Dataset}{chapter.4}% 47
\BOOKMARK [1][-]{section.4.5}{4.3 Vector masking}{chapter.4}% 48
\BOOKMARK [1][-]{section.4.6}{Exercise 4.3}{chapter.4}% 49
\BOOKMARK [0][-]{chapter.5}{Summary}{}% 50
\BOOKMARK [0][-]{chapter.6}{GDAL and OGR libraries}{}% 51
\BOOKMARK [1][-]{section.6.1}{GDAL data type}{chapter.6}% 52
\BOOKMARK [1][-]{section.6.2}{The projection}{chapter.6}% 53
\BOOKMARK [1][-]{section.6.3}{Saving files}{chapter.6}% 54
\BOOKMARK [1][-]{section.6.4}{Reprojecting things}{chapter.6}% 55
\BOOKMARK [1][-]{section.6.5}{Reprojecting whole rasters}{chapter.6}% 56
\BOOKMARK [0][-]{chapter.7}{Working with vector data: OGR}{}% 57
\BOOKMARK [1][-]{section.7.1}{Vector data}{chapter.7}% 58
\BOOKMARK [1][-]{section.7.2}{Selecting attributes and/or data extents}{chapter.7}% 59
\BOOKMARK [1][-]{section.7.3}{Saving a vector file}{chapter.7}% 60
\BOOKMARK [1][-]{section.7.4}{Rasterising}{chapter.7}% 61
\BOOKMARK [1][-]{section.7.5}{Using matplotlib to plot geometries}{chapter.7}% 62
\BOOKMARK [0][-]{chapter.8}{5. Function fitting and Interpolation}{}% 63
\BOOKMARK [1][-]{section.8.1}{5.1 Making 3D datasets and Movies}{chapter.8}% 64
\BOOKMARK [1][-]{section.8.2}{5.2 Interpolation}{chapter.8}% 65
\BOOKMARK [0][-]{chapter.9}{ENVI}{}% 66
\BOOKMARK [0][-]{chapter.10}{6a. Assessed Practical}{}% 67
\BOOKMARK [1][-]{section.10.1}{6.1 Introduction}{chapter.10}% 68
\BOOKMARK [1][-]{section.10.2}{6.2 Data Preparation}{chapter.10}% 69
\BOOKMARK [1][-]{section.10.3}{6.3 Coursework}{chapter.10}% 70
\BOOKMARK [0][-]{chapter.11}{7.0 Fire/ENSO teleconnections}{}% 71
\BOOKMARK [1][-]{section.11.1}{7.1 Introduction}{chapter.11}% 72
\BOOKMARK [1][-]{section.11.2}{7.2 A Practical Exercise}{chapter.11}% 73
\BOOKMARK [0][-]{chapter.12}{Recollision Probability Theory}{}% 74
\BOOKMARK [0][-]{chapter.13}{Data}{}% 75
\BOOKMARK [0][-]{chapter.14}{Theory}{}% 76
\BOOKMARK [0][-]{chapter.15}{The Task}{}% 77
\BOOKMARK [0][-]{chapter.16}{A2.1 Binary Operators}{}% 78
\BOOKMARK [1][-]{section.16.1}{A2.1.1 Basic Logic}{chapter.16}% 79
\BOOKMARK [1][-]{section.16.2}{Exercise A2.1}{chapter.16}% 80
\BOOKMARK [1][-]{section.16.3}{A2.1.2 Binary}{chapter.16}% 81
\BOOKMARK [1][-]{section.16.4}{Endianness}{chapter.16}% 82
\BOOKMARK [1][-]{section.16.5}{Binary numbers}{chapter.16}% 83
\BOOKMARK [1][-]{section.16.6}{Exercise A2.2}{chapter.16}% 84
\BOOKMARK [1][-]{section.16.7}{A2.1.2 Bitwise Operators}{chapter.16}% 85
\BOOKMARK [1][-]{section.16.8}{Exercise A2.3}{chapter.16}% 86
\BOOKMARK [0][-]{chapter.17}{A2.2 Exception handling}{}% 87
\BOOKMARK [0][-]{chapter.18}{A2.3 More complex splitting examples}{}% 88
\BOOKMARK [0][-]{chapter.19}{A2.4 String formatting}{}% 89
\BOOKMARK [0][-]{chapter.20}{A2.5 File Separator: portability}{}% 90
\BOOKMARK [0][-]{chapter.21}{A2.7 Installing your own packages}{}% 91
\BOOKMARK [0][-]{chapter.22}{A2.8 Reading Files from a URL}{}% 92
\BOOKMARK [0][-]{chapter.23}{A2.9 Advanced dictionaries}{}% 93
\BOOKMARK [0][-]{chapter.24}{Excercise}{}% 94
\BOOKMARK [0][-]{chapter.25}{AE2. Advanced Exercises}{}% 95
\BOOKMARK [1][-]{section.25.1}{Exercise A2.1}{chapter.25}% 96
\BOOKMARK [1][-]{section.25.2}{Answer}{chapter.25}% 97
\BOOKMARK [1][-]{section.25.3}{Exercise A2.2}{chapter.25}% 98
\BOOKMARK [1][-]{section.25.4}{Answer}{chapter.25}% 99
\BOOKMARK [1][-]{section.25.5}{Exercise A2.3}{chapter.25}% 100
\BOOKMARK [1][-]{section.25.6}{Answer}{chapter.25}% 101
\BOOKMARK [0][-]{chapter.26}{E2. Exercises}{}% 102
\BOOKMARK [1][-]{section.26.1}{Exercise 2.1}{chapter.26}% 103
\BOOKMARK [1][-]{section.26.2}{Answer 2.1}{chapter.26}% 104
\BOOKMARK [1][-]{section.26.3}{Exercise 2.2}{chapter.26}% 105
\BOOKMARK [1][-]{section.26.4}{Answer 2.2}{chapter.26}% 106
\BOOKMARK [1][-]{section.26.5}{Exercise 2.3}{chapter.26}% 107
\BOOKMARK [1][-]{section.26.6}{Answer 2.3}{chapter.26}% 108
\BOOKMARK [1][-]{section.26.7}{Exercise 2.4}{chapter.26}% 109
\BOOKMARK [1][-]{section.26.8}{Answer 2.4}{chapter.26}% 110
\BOOKMARK [1][-]{section.26.9}{Exercise 2.5}{chapter.26}% 111
\BOOKMARK [1][-]{section.26.10}{Answer 2.5}{chapter.26}% 112
\BOOKMARK [1][-]{section.26.11}{Exercise 2.6}{chapter.26}% 113
\BOOKMARK [1][-]{section.26.12}{Answer 2.6}{chapter.26}% 114
\BOOKMARK [1][-]{section.26.13}{Exercise 2.7}{chapter.26}% 115
\BOOKMARK [1][-]{section.26.14}{Answer 2.7}{chapter.26}% 116
\BOOKMARK [0][-]{chapter.27}{A3. Advanced notes: Scientific and Numerical Python}{}% 117
\BOOKMARK [1][-]{section.27.1}{A3.1 Pulling Compressed netCDF Files}{chapter.27}% 118
\BOOKMARK [1][-]{section.27.2}{A3.2 Logical combinations in numpy}{chapter.27}% 119
\BOOKMARK [1][-]{section.27.3}{A3.3 Solar Radiation model}{chapter.27}% 120
\BOOKMARK [1][-]{section.27.4}{E3.3 Improved Solar Radiation Modelling}{chapter.27}% 121
\BOOKMARK [0][-]{chapter.28}{E3.3: Exercise: Improved Solar Radiation Modelling}{}% 122
\BOOKMARK [0][-]{chapter.29}{AE3.3 Answer: Improved Solar Radiation Modelling}{}% 123
\BOOKMARK [0][-]{chapter.30}{E3 Answers to Exercise}{}% 124
\BOOKMARK [1][-]{section.30.1}{E3.2 Exercise: listing}{chapter.30}% 125
\BOOKMARK [1][-]{section.30.2}{A3.2 Answer: listing}{chapter.30}% 126
\BOOKMARK [1][-]{section.30.3}{E3.2 Exercise: Making Movies}{chapter.30}% 127
\BOOKMARK [1][-]{section.30.4}{E3.3 Exercise: 3D Masked Array}{chapter.30}% 128
\BOOKMARK [1][-]{section.30.5}{A3.3 Answer: 3D Masked Array}{chapter.30}% 129
\BOOKMARK [0][-]{chapter.31}{Incoming solar radiation}{}% 130
\BOOKMARK [0][-]{chapter.32}{Chapter 4. Geospatial data}{}% 131
\BOOKMARK [1][-]{section.32.1}{4.1 MODIS LAI product}{chapter.32}% 132
\BOOKMARK [1][-]{section.32.2}{Exercise 4.1}{chapter.32}% 133
\BOOKMARK [1][-]{section.32.3}{4.2 Downloading data}{chapter.32}% 134
\BOOKMARK [1][-]{section.32.4}{Exercise 4.2 A Different Dataset}{chapter.32}% 135
\BOOKMARK [1][-]{section.32.5}{4.3 Vector masking}{chapter.32}% 136
\BOOKMARK [1][-]{section.32.6}{Exercise 4.3}{chapter.32}% 137
\BOOKMARK [0][-]{chapter.33}{Summary}{}% 138
\BOOKMARK [0][-]{chapter.34}{GDAL and OGR libraries}{}% 139
\BOOKMARK [1][-]{section.34.1}{GDAL data type}{chapter.34}% 140
\BOOKMARK [1][-]{section.34.2}{The projection}{chapter.34}% 141
\BOOKMARK [1][-]{section.34.3}{Saving files}{chapter.34}% 142
\BOOKMARK [1][-]{section.34.4}{Reprojecting things}{chapter.34}% 143
\BOOKMARK [1][-]{section.34.5}{Reprojecting whole rasters}{chapter.34}% 144
\BOOKMARK [0][-]{chapter.35}{GDAL and related codes and libraries}{}% 145
\BOOKMARK [1][-]{section.35.1}{OS X}{chapter.35}% 146
\BOOKMARK [0][-]{chapter.36}{Working with vector data: OGR}{}% 147
\BOOKMARK [1][-]{section.36.1}{Vector data}{chapter.36}% 148
\BOOKMARK [1][-]{section.36.2}{Selecting attributes and/or data extents}{chapter.36}% 149
\BOOKMARK [1][-]{section.36.3}{Saving a vector file}{chapter.36}% 150
\BOOKMARK [1][-]{section.36.4}{Rasterising}{chapter.36}% 151
\BOOKMARK [1][-]{section.36.5}{Using matplotlib to plot geometries}{chapter.36}% 152
\BOOKMARK [0][-]{chapter.37}{A4.1. Getting MODIS URLs}{}% 153
\BOOKMARK [1][-]{section.37.1}{A4.1.1 Identify the server and directory structure}{chapter.37}% 154
\BOOKMARK [1][-]{section.37.2}{A4.1.2 Identify the available dates}{chapter.37}% 155
\BOOKMARK [1][-]{section.37.3}{A4.1.3 Identify the datasets}{chapter.37}% 156
\BOOKMARK [1][-]{section.37.4}{A4.1.4 Some code for MODIS LAI filenames for a year}{chapter.37}% 157
\BOOKMARK [1][-]{section.37.5}{A4.1.5 Pull Data from url}{chapter.37}% 158
\BOOKMARK [0][-]{chapter.38}{A4.2 GDAL tools and HDF format}{}% 159
\BOOKMARK [0][-]{chapter.39}{A4.3 Further Geospatial Notes}{}% 160
\BOOKMARK [0][-]{chapter.40}{Exercise 4.1}{}% 161
\BOOKMARK [1][-]{section.40.1}{Answer 4.1}{chapter.40}% 162
\BOOKMARK [0][-]{chapter.41}{Exercise 4.2: A Different Dataset}{}% 163
\BOOKMARK [1][-]{section.41.1}{E4.2.1 Download}{chapter.41}% 164
\BOOKMARK [1][-]{section.41.2}{E4.2.2 Explore}{chapter.41}% 165
\BOOKMARK [1][-]{section.41.3}{E4.3.3 Read a dataset}{chapter.41}% 166
\BOOKMARK [1][-]{section.41.4}{E4.3.4 Water mask}{chapter.41}% 167
\BOOKMARK [1][-]{section.41.5}{E4.3.5 Valid pixel mask}{chapter.41}% 168
\BOOKMARK [1][-]{section.41.6}{E4.3.6 3D dataset}{chapter.41}% 169
\BOOKMARK [1][-]{section.41.7}{Exercise 4.3}{chapter.41}% 170
\BOOKMARK [0][-]{chapter.42}{5. Function fitting and Interpolation}{}% 171
\BOOKMARK [1][-]{section.42.1}{5.1 Making 3D datasets and Movies}{chapter.42}% 172
\BOOKMARK [1][-]{section.42.2}{5.2 Interpolation}{chapter.42}% 173
\BOOKMARK [0][-]{chapter.43}{ENVI}{}% 174
\BOOKMARK [0][-]{chapter.44}{6a. Assessed Practical}{}% 175
\BOOKMARK [1][-]{section.44.1}{6.1 Introduction}{chapter.44}% 176
\BOOKMARK [1][-]{section.44.2}{6.2 Data Preparation}{chapter.44}% 177
\BOOKMARK [1][-]{section.44.3}{6.3 Coursework}{chapter.44}% 178
\BOOKMARK [0][-]{chapter.45}{7.0 Fire/ENSO teleconnections}{}% 179
\BOOKMARK [1][-]{section.45.1}{7.1 Introduction}{chapter.45}% 180
\BOOKMARK [1][-]{section.45.2}{7.2 A Practical Exercise}{chapter.45}% 181
\BOOKMARK [0][-]{chapter.46}{Recollision Probability Theory}{}% 182
\BOOKMARK [0][-]{chapter.47}{Data}{}% 183
\BOOKMARK [0][-]{chapter.48}{Theory}{}% 184
\BOOKMARK [0][-]{chapter.49}{The Task}{}% 185
\BOOKMARK [0][-]{chapter.50}{Read and use some different file formats}{}% 186
\BOOKMARK [1][-]{section.50.1}{Exercise 1}{chapter.50}% 187
\BOOKMARK [1][-]{section.50.2}{Exercise 2}{chapter.50}% 188
\BOOKMARK [0][-]{chapter.51}{GDAL and OGR libraries}{}% 189
\BOOKMARK [1][-]{section.51.1}{GDAL data type}{chapter.51}% 190
\BOOKMARK [1][-]{section.51.2}{The projection}{chapter.51}% 191
\BOOKMARK [1][-]{section.51.3}{Saving files}{chapter.51}% 192
\BOOKMARK [1][-]{section.51.4}{Reprojecting things}{chapter.51}% 193
\BOOKMARK [1][-]{section.51.5}{Reprojecting whole rasters}{chapter.51}% 194
\BOOKMARK [0][-]{chapter.52}{We need a LATLONG dataset!!! show gdalwarp usage for this}{}% 195
\BOOKMARK [0][-]{chapter.53}{Working with vector data: OGR}{}% 196
\BOOKMARK [1][-]{section.53.1}{Vector data}{chapter.53}% 197
\BOOKMARK [1][-]{section.53.2}{Selecting attributes and/or data extents}{chapter.53}% 198
\BOOKMARK [1][-]{section.53.3}{Saving a vector file}{chapter.53}% 199
\BOOKMARK [1][-]{section.53.4}{Rasterising}{chapter.53}% 200
\BOOKMARK [1][-]{section.53.5}{Using matplotlib to plot geometries}{chapter.53}% 201
\BOOKMARK [0][-]{chapter.54}{Indices and tables}{}% 202
